<?xml version="1.0" encoding="UTF-8"?>
<!-- Generated by org.testng.reporters.JUnitXMLReporter -->
<testsuite ignored="0" hostname="DESKTOP-A1KSHQC" failures="0" tests="4" name="Surefire test" time="214.887" errors="0" timestamp="06 May 2021 15:29:18 GMT">
  <testcase classname="Planit.testCases.jupiterTest" name="test_Case1" time="183.904"/>
  <testcase classname="Planit.testCases.jupiterTest" name="test_Case2" time="23.85"/>
  <testcase classname="Planit.testCases.jupiterTest" name="test_case3" time="2.501"/>
  <testcase classname="Planit.testCases.jupiterTest" name="test_case4" time="1.607"/>
</testsuite> <!-- Surefire test -->
