<?xml version="1.0" encoding="UTF-8"?>
<!-- Generated by org.testng.reporters.JUnitXMLReporter -->
<testsuite hostname="DESKTOP-A1KSHQC" ignored="0" name="Default test" tests="4" failures="0" timestamp="21 Apr 2021 11:21:21 GMT" time="25.238" errors="0">
  <testcase name="navigation" time="16.803" classname="KindredGroup.Unibet.betPlacementScenario"/>
  <testcase name="nextToGo" time="0.748" classname="KindredGroup.Unibet.betPlacementScenario"/>
  <testcase name="clickOnLowPrice" time="5.066" classname="KindredGroup.Unibet.betPlacementScenario"/>
  <testcase name="betSlip" time="0.806" classname="KindredGroup.Unibet.betPlacementScenario"/>
</testsuite> <!-- Default test -->
