<?xml version="1.0" encoding="UTF-8"?>
<!-- Generated by org.testng.reporters.JUnitXMLReporter -->
<testsuite hostname="DESKTOP-A1KSHQC" ignored="3" name="Default test" tests="1" failures="0" timestamp="2021-05-07T01:01:20 AEST" time="8.203" errors="0">
  <testcase name="test_case4" time="4.731" classname="Planit.testCases.jupiterTest"/>
  <testcase name="test_Case2" time="0.0" classname="Planit.testCases.jupiterTest">
    <ignored/>
  </testcase> <!-- test_Case2 -->
  <testcase name="test_Case1" time="0.0" classname="Planit.testCases.jupiterTest">
    <ignored/>
  </testcase> <!-- test_Case1 -->
  <testcase name="test_case3" time="0.0" classname="Planit.testCases.jupiterTest">
    <ignored/>
  </testcase> <!-- test_case3 -->
</testsuite> <!-- Default test -->
