<?xml version="1.0" encoding="UTF-8"?>
<!-- Generated by org.testng.reporters.JUnitXMLReporter -->
<testsuite hostname="DESKTOP-A1KSHQC" ignored="0" name="Test" tests="4" failures="0" timestamp="2021-05-07T01:10:46 AEST" time="225.949" errors="0">
  <testcase name="test_Case1" time="183.982" classname="Planit.testCases.jupiterTest"/>
  <testcase name="test_Case2" time="34.363" classname="Planit.testCases.jupiterTest"/>
  <testcase name="test_case3" time="2.728" classname="Planit.testCases.jupiterTest"/>
  <testcase name="test_case4" time="1.537" classname="Planit.testCases.jupiterTest"/>
</testsuite> <!-- Test -->
