<?xml version="1.0" encoding="UTF-8"?>
<!-- Generated by org.testng.reporters.JUnitXMLReporter -->
<testsuite hostname="DESKTOP-A1KSHQC" ignored="0" name="Test" tests="4" failures="0" timestamp="21 Apr 2021 11:24:38 GMT" time="38.867" errors="0">
  <testcase name="navigation" time="33.47" classname="KindredGroup.Unibet.betPlacementScenario"/>
  <testcase name="nextToGo" time="0.593" classname="KindredGroup.Unibet.betPlacementScenario"/>
  <testcase name="clickOnLowPrice" time="2.039" classname="KindredGroup.Unibet.betPlacementScenario"/>
  <testcase name="betSlip" time="0.54" classname="KindredGroup.Unibet.betPlacementScenario"/>
</testsuite> <!-- Test -->
