<?xml version="1.0" encoding="UTF-8"?>
<testng-results ignored="0" total="4" passed="4" failed="0" skipped="0">
  <reporter-output>
  </reporter-output>
  <suite started-at="2021-05-06T15:25:43Z" name="Surefire suite" finished-at="2021-05-06T15:29:18Z" duration-ms="214887">
    <groups>
    </groups>
    <test started-at="2021-05-06T15:25:43Z" name="Surefire test" finished-at="2021-05-06T15:29:18Z" duration-ms="214887">
      <class name="Planit.testCases.jupiterTest">
        <test-method is-config="true" signature="driver()[pri:0, instance:Planit.testCases.jupiterTest@6e20b53a]" started-at="2021-05-06T15:25:43Z" name="driver" finished-at="2021-05-06T15:25:46Z" duration-ms="2835" status="PASS">
          <reporter-output>
          </reporter-output>
        </test-method> <!-- driver -->
        <test-method signature="test_Case1()[pri:1, instance:Planit.testCases.jupiterTest@6e20b53a]" started-at="2021-05-06T15:25:46Z" name="test_Case1" finished-at="2021-05-06T15:28:50Z" duration-ms="183904" status="PASS">
          <reporter-output>
          </reporter-output>
        </test-method> <!-- test_Case1 -->
        <test-method signature="test_Case2()[pri:2, instance:Planit.testCases.jupiterTest@6e20b53a]" started-at="2021-05-06T15:28:50Z" name="test_Case2" finished-at="2021-05-06T15:29:14Z" duration-ms="23850" status="PASS">
          <reporter-output>
          </reporter-output>
        </test-method> <!-- test_Case2 -->
        <test-method signature="test_case3()[pri:3, instance:Planit.testCases.jupiterTest@6e20b53a]" started-at="2021-05-06T15:29:14Z" name="test_case3" finished-at="2021-05-06T15:29:17Z" duration-ms="2501" status="PASS">
          <reporter-output>
          </reporter-output>
        </test-method> <!-- test_case3 -->
        <test-method signature="test_case4()[pri:4, instance:Planit.testCases.jupiterTest@6e20b53a]" started-at="2021-05-06T15:29:17Z" name="test_case4" finished-at="2021-05-06T15:29:18Z" duration-ms="1607" status="PASS">
          <reporter-output>
          </reporter-output>
        </test-method> <!-- test_case4 -->
        <test-method is-config="true" signature="teardown()[pri:0, instance:Planit.testCases.jupiterTest@6e20b53a]" started-at="2021-05-06T15:29:18Z" name="teardown" finished-at="2021-05-06T15:29:18Z" duration-ms="146" status="PASS">
          <reporter-output>
          </reporter-output>
        </test-method> <!-- teardown -->
      </class> <!-- Planit.testCases.jupiterTest -->
    </test> <!-- Surefire test -->
  </suite> <!-- Surefire suite -->
</testng-results>
