<?xml version="1.0" encoding="UTF-8"?>
<testng-results skipped="0" failed="0" ignored="0" total="4" passed="4">
  <reporter-output>
  </reporter-output>
  <suite name="Suite" duration-ms="38867" started-at="2021-04-21T11:24:00Z" finished-at="2021-04-21T11:24:38Z">
    <groups>
    </groups>
    <test name="Test" duration-ms="38867" started-at="2021-04-21T11:24:00Z" finished-at="2021-04-21T11:24:38Z">
      <class name="KindredGroup.Unibet.betPlacementScenario">
        <test-method status="PASS" signature="driver()[pri:0, instance:KindredGroup.Unibet.betPlacementScenario@358c99f5]" name="driver" is-config="true" duration-ms="2043" started-at="2021-04-21T11:24:00Z" finished-at="2021-04-21T11:24:02Z">
          <reporter-output>
          </reporter-output>
        </test-method> <!-- driver -->
        <test-method status="PASS" signature="navigation()[pri:0, instance:KindredGroup.Unibet.betPlacementScenario@358c99f5]" name="navigation" duration-ms="33470" started-at="2021-04-21T11:24:02Z" finished-at="2021-04-21T11:24:35Z">
          <reporter-output>
          </reporter-output>
        </test-method> <!-- navigation -->
        <test-method status="PASS" signature="nextToGo()[pri:1, instance:KindredGroup.Unibet.betPlacementScenario@358c99f5]" name="nextToGo" duration-ms="593" started-at="2021-04-21T11:24:35Z" finished-at="2021-04-21T11:24:36Z">
          <reporter-output>
          </reporter-output>
        </test-method> <!-- nextToGo -->
        <test-method status="PASS" signature="clickOnLowPrice()[pri:2, instance:KindredGroup.Unibet.betPlacementScenario@358c99f5]" name="clickOnLowPrice" duration-ms="2039" started-at="2021-04-21T11:24:36Z" finished-at="2021-04-21T11:24:38Z">
          <reporter-output>
          </reporter-output>
        </test-method> <!-- clickOnLowPrice -->
        <test-method status="PASS" signature="betSlip()[pri:3, instance:KindredGroup.Unibet.betPlacementScenario@358c99f5]" name="betSlip" duration-ms="540" started-at="2021-04-21T11:24:38Z" finished-at="2021-04-21T11:24:38Z">
          <reporter-output>
          </reporter-output>
        </test-method> <!-- betSlip -->
        <test-method status="PASS" signature="teardown()[pri:0, instance:KindredGroup.Unibet.betPlacementScenario@358c99f5]" name="teardown" is-config="true" duration-ms="156" started-at="2021-04-21T11:24:38Z" finished-at="2021-04-21T11:24:38Z">
          <reporter-output>
          </reporter-output>
        </test-method> <!-- teardown -->
      </class> <!-- KindredGroup.Unibet.betPlacementScenario -->
    </test> <!-- Test -->
  </suite> <!-- Suite -->
</testng-results>
